# JRE version: OpenJDK Runtime Environment Temurin-21.0.4+7 (21.0.4+7) (build 21.0.4+7-LTS)
# Java VM: OpenJDK 64-Bit Server VM Temurin-21.0.4+7 (21.0.4+7-LTS, mixed mode, sharing, tiered, compressed oops, compressed class ptrs, g1 gc, windows-amd64)
GC Precious Log:
 CardTable entry size: 512
 Card Set container configuration: InlinePtr #cards 4 size 8 Array Of Cards #cards 16 size 48 Howl #buckets 8 coarsen threshold 3686 Howl Bitmap #cards 512 size 80 coarsen threshold 460 Card regions per heap region 1 cards per card region 4096
 CPUs: 4 total, 4 available
 Memory: 16319M
 Large Page Support: Disabled
 NUMA Support: Disabled
 Compressed Oops: Enabled (Zero based)
 Heap Region Size: 2M
 Heap Min Capacity: 8M
 Heap Initial Capacity: 256M
 Heap Max Capacity: 4080M
 Pre-touch: Disabled
 Parallel Workers: 4
 Concurrent Workers: 1
 Concurrent Refinement Workers: 4
 Periodic GC: Disabled
Heap:
 garbage-first heap   total 1140736K, used 436224K [0x0000000701000000, 0x0000000800000000)
  region size 2048K, 27 young (55296K), 23 survivors (47104K)
 Metaspace       used 7805K, committed 8064K, reserved 1114112K
  class space    used 793K, committed 960K, reserved 1048576K
GC Heap History (20 events):
Event: 2.155 GC heap before
{Heap before GC invocations=4 (full 0):
 garbage-first heap   total 262144K, used 157142K [0x0000000701000000, 0x0000000800000000)
  region size 2048K, 76 young (155648K), 5 survivors (10240K)
 Metaspace       used 6721K, committed 7040K, reserved 1114112K
  class space    used 724K, committed 896K, reserved 1048576K
}
Event: 2.168 GC heap after
{Heap after GC invocations=5 (full 0):
 garbage-first heap   total 395264K, used 17965K [0x0000000701000000, 0x0000000800000000)
  region size 2048K, 8 young (16384K), 8 survivors (16384K)
 Metaspace       used 6721K, committed 7040K, reserved 1114112K
  class space    used 724K, committed 896K, reserved 1048576K
}
Event: 2.594 GC heap before
{Heap before GC invocations=5 (full 0):
 garbage-first heap   total 395264K, used 237101K [0x0000000701000000, 0x0000000800000000)
  region size 2048K, 115 young (235520K), 8 survivors (16384K)
 Metaspace       used 6721K, committed 7040K, reserved 1114112K
  class space    used 724K, committed 896K, reserved 1048576K
}
Event: 2.613 GC heap after
{Heap after GC invocations=6 (full 0):
 garbage-first heap   total 395264K, used 27533K [0x0000000701000000, 0x0000000800000000)
  region size 2048K, 12 young (24576K), 12 survivors (24576K)
 Metaspace       used 6721K, committed 7040K, reserved 1114112K
  class space    used 724K, committed 896K, reserved 1048576K
}
Event: 2.910 GC heap before
{Heap before GC invocations=6 (full 0):
 garbage-first heap   total 395264K, used 238477K [0x0000000701000000, 0x0000000800000000)
  region size 2048K, 115 young (235520K), 12 survivors (24576K)
 Metaspace       used 6786K, committed 7104K, reserved 1114112K
  class space    used 732K, committed 896K, reserved 1048576K
}
Event: 2.936 GC heap after
{Heap after GC invocations=7 (full 0):
 garbage-first heap   total 395264K, used 36222K [0x0000000701000000, 0x0000000800000000)
  region size 2048K, 12 young (24576K), 12 survivors (24576K)
 Metaspace       used 6786K, committed 7104K, reserved 1114112K
  class space    used 732K, committed 896K, reserved 1048576K
}
Event: 3.224 GC heap before
{Heap before GC invocations=7 (full 0):
 garbage-first heap   total 395264K, used 247166K [0x0000000701000000, 0x0000000800000000)
  region size 2048K, 115 young (235520K), 12 survivors (24576K)
 Metaspace       used 6786K, committed 7104K, reserved 1114112K
  class space    used 732K, committed 896K, reserved 1048576K
}
Event: 3.250 GC heap after
{Heap after GC invocations=8 (full 0):
 garbage-first heap   total 395264K, used 47722K [0x0000000701000000, 0x0000000800000000)
  region size 2048K, 10 young (20480K), 10 survivors (20480K)
 Metaspace       used 6786K, committed 7104K, reserved 1114112K
  class space    used 732K, committed 896K, reserved 1048576K
}
Event: 3.541 GC heap before
{Heap before GC invocations=8 (full 0):
 garbage-first heap   total 395264K, used 262762K [0x0000000701000000, 0x0000000800000000)
  region size 2048K, 115 young (235520K), 10 survivors (20480K)
 Metaspace       used 6786K, committed 7104K, reserved 1114112K
  class space    used 732K, committed 896K, reserved 1048576K
}
Event: 3.567 GC heap after
{Heap after GC invocations=9 (full 0):
 garbage-first heap   total 651264K, used 56021K [0x0000000701000000, 0x0000000800000000)
  region size 2048K, 10 young (20480K), 10 survivors (20480K)
 Metaspace       used 6786K, committed 7104K, reserved 1114112K
  class space    used 732K, committed 896K, reserved 1048576K
}
Event: 4.684 GC heap before
{Heap before GC invocations=9 (full 0):
 garbage-first heap   total 651264K, used 424661K [0x0000000701000000, 0x0000000800000000)
  region size 2048K, 190 young (389120K), 10 survivors (20480K)
 Metaspace       used 7029K, committed 7296K, reserved 1114112K
  class space    used 755K, committed 896K, reserved 1048576K
}
Event: 4.725 GC heap after
{Heap after GC invocations=10 (full 0):
 garbage-first heap   total 651264K, used 84797K [0x0000000701000000, 0x0000000800000000)
  region size 2048K, 24 young (49152K), 24 survivors (49152K)
 Metaspace       used 7029K, committed 7296K, reserved 1114112K
  class space    used 755K, committed 896K, reserved 1048576K
}
Event: 5.783 GC heap before
{Heap before GC invocations=10 (full 0):
 garbage-first heap   total 651264K, used 424765K [0x0000000701000000, 0x0000000800000000)
  region size 2048K, 190 young (389120K), 24 survivors (49152K)
 Metaspace       used 7036K, committed 7296K, reserved 1114112K
  class space    used 755K, committed 896K, reserved 1048576K
}
Event: 5.904 GC heap after
{Heap after GC invocations=11 (full 0):
 garbage-first heap   total 651264K, used 180224K [0x0000000701000000, 0x0000000800000000)
  region size 2048K, 24 young (49152K), 24 survivors (49152K)
 Metaspace       used 7036K, committed 7296K, reserved 1114112K
  class space    used 755K, committed 896K, reserved 1048576K
}
Event: 6.539 GC heap before
{Heap before GC invocations=11 (full 0):
 garbage-first heap   total 651264K, used 403456K [0x0000000701000000, 0x0000000800000000)
  region size 2048K, 133 young (272384K), 24 survivors (49152K)
 Metaspace       used 7061K, committed 7360K, reserved 1114112K
  class space    used 755K, committed 896K, reserved 1048576K
}
Event: 6.617 GC heap after
{Heap after GC invocations=12 (full 0):
 garbage-first heap   total 651264K, used 240640K [0x0000000701000000, 0x0000000800000000)
  region size 2048K, 17 young (34816K), 17 survivors (34816K)
 Metaspace       used 7061K, committed 7360K, reserved 1114112K
  class space    used 755K, committed 896K, reserved 1048576K
}
Event: 7.427 GC heap before
{Heap before GC invocations=12 (full 0):
 garbage-first heap   total 651264K, used 517120K [0x0000000701000000, 0x0000000800000000)
  region size 2048K, 152 young (311296K), 17 survivors (34816K)
 Metaspace       used 7072K, committed 7360K, reserved 1114112K
  class space    used 755K, committed 896K, reserved 1048576K
}
Event: 7.508 GC heap after
{Heap after GC invocations=13 (full 0):
 garbage-first heap   total 1140736K, used 313344K [0x0000000701000000, 0x0000000800000000)
  region size 2048K, 19 young (38912K), 19 survivors (38912K)
 Metaspace       used 7072K, committed 7360K, reserved 1114112K
  class space    used 755K, committed 896K, reserved 1048576K
}
Event: 8.571 GC heap before
{Heap before GC invocations=13 (full 0):
 garbage-first heap   total 1140736K, used 638976K [0x0000000701000000, 0x0000000800000000)
  region size 2048K, 178 young (364544K), 19 survivors (38912K)
 Metaspace       used 7081K, committed 7360K, reserved 1114112K
  class space    used 755K, committed 896K, reserved 1048576K
}
Event: 8.689 GC heap after
{Heap after GC invocations=14 (full 0):
 garbage-first heap   total 1140736K, used 409600K [0x0000000701000000, 0x0000000800000000)
  region size 2048K, 23 young (47104K), 23 survivors (47104K)
 Metaspace       used 7081K, committed 7360K, reserved 1114112K
  class space    used 755K, committed 896K, reserved 1048576K
}

