# JRE version: OpenJDK Runtime Environment Temurin-21.0.4+7 (21.0.4+7) (build 21.0.4+7-LTS)
# Java VM: OpenJDK 64-Bit Server VM Temurin-21.0.4+7 (21.0.4+7-LTS, mixed mode, sharing, tiered, compressed oops, compressed class ptrs, g1 gc, windows-amd64)
GC Precious Log:
 CardTable entry size: 512
 Card Set container configuration: InlinePtr #cards 4 size 8 Array Of Cards #cards 16 size 48 Howl #buckets 8 coarsen threshold 3686 Howl Bitmap #cards 512 size 80 coarsen threshold 460 Card regions per heap region 1 cards per card region 4096
 CPUs: 4 total, 4 available
 Memory: 16319M
 Large Page Support: Disabled
 NUMA Support: Disabled
 Compressed Oops: Enabled (Zero based)
 Heap Region Size: 2M
 Heap Min Capacity: 8M
 Heap Initial Capacity: 256M
 Heap Max Capacity: 4080M
 Pre-touch: Disabled
 Parallel Workers: 4
 Concurrent Workers: 1
 Concurrent Refinement Workers: 4
 Periodic GC: Disabled
Heap:
 garbage-first heap   total 1153024K, used 456704K [0x0000000701000000, 0x0000000800000000)
  region size 2048K, 40 young (81920K), 22 survivors (45056K)
 Metaspace       used 7755K, committed 8000K, reserved 1114112K
  class space    used 791K, committed 896K, reserved 1048576K
GC Heap History (20 events):
Event: 1.041 GC heap before
{Heap before GC invocations=4 (full 0):
 garbage-first heap   total 262144K, used 157203K [0x0000000701000000, 0x0000000800000000)
  region size 2048K, 76 young (155648K), 6 survivors (12288K)
 Metaspace       used 6722K, committed 7040K, reserved 1114112K
  class space    used 722K, committed 896K, reserved 1048576K
}
Event: 1.056 GC heap after
{Heap after GC invocations=5 (full 0):
 garbage-first heap   total 325632K, used 21122K [0x0000000701000000, 0x0000000800000000)
  region size 2048K, 9 young (18432K), 9 survivors (18432K)
 Metaspace       used 6722K, committed 7040K, reserved 1114112K
  class space    used 722K, committed 896K, reserved 1048576K
}
Event: 1.281 GC heap before
{Heap before GC invocations=5 (full 0):
 garbage-first heap   total 325632K, used 197250K [0x0000000701000000, 0x0000000800000000)
  region size 2048K, 95 young (194560K), 9 survivors (18432K)
 Metaspace       used 6722K, committed 7040K, reserved 1114112K
  class space    used 722K, committed 896K, reserved 1048576K
}
Event: 1.300 GC heap after
{Heap after GC invocations=6 (full 0):
 garbage-first heap   total 325632K, used 28056K [0x0000000701000000, 0x0000000800000000)
  region size 2048K, 10 young (20480K), 10 survivors (20480K)
 Metaspace       used 6722K, committed 7040K, reserved 1114112K
  class space    used 722K, committed 896K, reserved 1048576K
}
Event: 1.491 GC heap before
{Heap before GC invocations=6 (full 0):
 garbage-first heap   total 325632K, used 202136K [0x0000000701000000, 0x0000000800000000)
  region size 2048K, 95 young (194560K), 10 survivors (20480K)
 Metaspace       used 6795K, committed 7104K, reserved 1114112K
  class space    used 732K, committed 896K, reserved 1048576K
}
Event: 1.512 GC heap after
{Heap after GC invocations=7 (full 0):
 garbage-first heap   total 325632K, used 35639K [0x0000000701000000, 0x0000000800000000)
  region size 2048K, 8 young (16384K), 8 survivors (16384K)
 Metaspace       used 6795K, committed 7104K, reserved 1114112K
  class space    used 732K, committed 896K, reserved 1048576K
}
Event: 1.704 GC heap before
{Heap before GC invocations=7 (full 0):
 garbage-first heap   total 325632K, used 213815K [0x0000000701000000, 0x0000000800000000)
  region size 2048K, 95 young (194560K), 8 survivors (16384K)
 Metaspace       used 6795K, committed 7104K, reserved 1114112K
  class space    used 732K, committed 896K, reserved 1048576K
}
Event: 1.722 GC heap after
{Heap after GC invocations=8 (full 0):
 garbage-first heap   total 325632K, used 43379K [0x0000000701000000, 0x0000000800000000)
  region size 2048K, 8 young (16384K), 8 survivors (16384K)
 Metaspace       used 6795K, committed 7104K, reserved 1114112K
  class space    used 732K, committed 896K, reserved 1048576K
}
Event: 1.916 GC heap before
{Heap before GC invocations=8 (full 0):
 garbage-first heap   total 325632K, used 221555K [0x0000000701000000, 0x0000000800000000)
  region size 2048K, 95 young (194560K), 8 survivors (16384K)
 Metaspace       used 6795K, committed 7104K, reserved 1114112K
  class space    used 732K, committed 896K, reserved 1048576K
}
Event: 1.936 GC heap after
{Heap after GC invocations=9 (full 0):
 garbage-first heap   total 634880K, used 51580K [0x0000000701000000, 0x0000000800000000)
  region size 2048K, 8 young (16384K), 8 survivors (16384K)
 Metaspace       used 6795K, committed 7104K, reserved 1114112K
  class space    used 732K, committed 896K, reserved 1048576K
}
Event: 2.464 GC heap before
{Heap before GC invocations=9 (full 0):
 garbage-first heap   total 634880K, used 416124K [0x0000000701000000, 0x0000000800000000)
  region size 2048K, 186 young (380928K), 8 survivors (16384K)
 Metaspace       used 6800K, committed 7104K, reserved 1114112K
  class space    used 732K, committed 896K, reserved 1048576K
}
Event: 2.490 GC heap after
{Heap after GC invocations=10 (full 0):
 garbage-first heap   total 634880K, used 65916K [0x0000000701000000, 0x0000000800000000)
  region size 2048K, 15 young (30720K), 15 survivors (30720K)
 Metaspace       used 6800K, committed 7104K, reserved 1114112K
  class space    used 732K, committed 896K, reserved 1048576K
}
Event: 3.763 GC heap before
{Heap before GC invocations=10 (full 0):
 garbage-first heap   total 634880K, used 416124K [0x0000000701000000, 0x0000000800000000)
  region size 2048K, 186 young (380928K), 15 survivors (30720K)
 Metaspace       used 7045K, committed 7360K, reserved 1114112K
  class space    used 755K, committed 896K, reserved 1048576K
}
Event: 3.865 GC heap after
{Heap after GC invocations=11 (full 0):
 garbage-first heap   total 634880K, used 155648K [0x0000000701000000, 0x0000000800000000)
  region size 2048K, 24 young (49152K), 24 survivors (49152K)
 Metaspace       used 7045K, committed 7360K, reserved 1114112K
  class space    used 755K, committed 896K, reserved 1048576K
}
Event: 4.614 GC heap before
{Heap before GC invocations=11 (full 0):
 garbage-first heap   total 634880K, used 487424K [0x0000000701000000, 0x0000000800000000)
  region size 2048K, 186 young (380928K), 24 survivors (49152K)
 Metaspace       used 7072K, committed 7360K, reserved 1114112K
  class space    used 755K, committed 896K, reserved 1048576K
}
Event: 4.726 GC heap after
{Heap after GC invocations=12 (full 0):
 garbage-first heap   total 634880K, used 242688K [0x0000000701000000, 0x0000000800000000)
  region size 2048K, 24 young (49152K), 24 survivors (49152K)
 Metaspace       used 7072K, committed 7360K, reserved 1114112K
  class space    used 755K, committed 896K, reserved 1048576K
}
Event: 5.346 GC heap before
{Heap before GC invocations=12 (full 0):
 garbage-first heap   total 634880K, used 494592K [0x0000000701000000, 0x0000000800000000)
  region size 2048K, 147 young (301056K), 24 survivors (49152K)
 Metaspace       used 7072K, committed 7360K, reserved 1114112K
  class space    used 755K, committed 896K, reserved 1048576K
}
Event: 5.442 GC heap after
{Heap after GC invocations=13 (full 0):
 garbage-first heap   total 1153024K, used 309248K [0x0000000701000000, 0x0000000800000000)
  region size 2048K, 19 young (38912K), 19 survivors (38912K)
 Metaspace       used 7072K, committed 7360K, reserved 1114112K
  class space    used 755K, committed 896K, reserved 1048576K
}
Event: 6.223 GC heap before
{Heap before GC invocations=13 (full 0):
 garbage-first heap   total 1153024K, used 616448K [0x0000000701000000, 0x0000000800000000)
  region size 2048K, 169 young (346112K), 19 survivors (38912K)
 Metaspace       used 7086K, committed 7360K, reserved 1114112K
  class space    used 756K, committed 896K, reserved 1048576K
}
Event: 6.315 GC heap after
{Heap after GC invocations=14 (full 0):
 garbage-first heap   total 1153024K, used 401408K [0x0000000701000000, 0x0000000800000000)
  region size 2048K, 22 young (45056K), 22 survivors (45056K)
 Metaspace       used 7086K, committed 7360K, reserved 1114112K
  class space    used 756K, committed 896K, reserved 1048576K
}

